0 info it worked if it ends with ok
1 verbose cli [ 'C:\\WampDeveloper\\Tools\\NodeJS\\\\node.exe',
1 verbose cli   'C:\\WampDeveloper\\Tools\\NodeJS\\node_modules\\npm\\bin\\npm-cli.js',
1 verbose cli   'run',
1 verbose cli   'build' ]
2 info using npm@2.11.3
3 info using node@v0.12.7
4 verbose run-script [ 'prebuild', 'build', 'postbuild' ]
5 info prebuild Solar_System_Model@1.0.0
6 info build Solar_System_Model@1.0.0
7 verbose unsafe-perm in lifecycle true
8 info Solar_System_Model@1.0.0 Failed to exec build script
9 verbose stack Error: Solar_System_Model@1.0.0 build: `webpack --mode development`
9 verbose stack Exit status 1
9 verbose stack     at EventEmitter.<anonymous> (C:\WampDeveloper\Tools\NodeJS\node_modules\npm\lib\utils\lifecycle.js:213:16)
9 verbose stack     at EventEmitter.emit (events.js:110:17)
9 verbose stack     at ChildProcess.<anonymous> (C:\WampDeveloper\Tools\NodeJS\node_modules\npm\lib\utils\spawn.js:24:14)
9 verbose stack     at ChildProcess.emit (events.js:110:17)
9 verbose stack     at maybeClose (child_process.js:1015:16)
9 verbose stack     at Process.ChildProcess._handle.onexit (child_process.js:1087:5)
10 verbose pkgid Solar_System_Model@1.0.0
11 verbose cwd C:\Users\orchd\Solar_System_Model
12 error Windows_NT 6.3.9600
13 error argv "C:\\WampDeveloper\\Tools\\NodeJS\\\\node.exe" "C:\\WampDeveloper\\Tools\\NodeJS\\node_modules\\npm\\bin\\npm-cli.js" "run" "build"
14 error node v0.12.7
15 error npm  v2.11.3
16 error code ELIFECYCLE
17 error Solar_System_Model@1.0.0 build: `webpack --mode development`
17 error Exit status 1
18 error Failed at the Solar_System_Model@1.0.0 build script 'webpack --mode development'.
18 error This is most likely a problem with the Solar_System_Model package,
18 error not with npm itself.
18 error Tell the author that this fails on your system:
18 error     webpack --mode development
18 error You can get their info via:
18 error     npm owner ls Solar_System_Model
18 error There is likely additional logging output above.
19 verbose exit [ 1, true ]
